1 686806
2 55630
3 41520
4 40395
5 54564
6 41015
7 44352
8 41082
9 49749
10 41923
11 44022
12 41652
13 42043
14 42842
15 45611
16 44184
17 44073
18 44420
19 44543
20 44613
21 44859
22 48343
23 45195
24 45237
25 45445
26 72486
27 46251
28 45632
29 45886
30 46823
31 46471
32 46790
33 60434
34 64417
35 48551
36 48201
37 53920
38 48541
39 48333
40 80030
41 49955
42 49713
43 49780
44 53121
45 50244
46 50635
47 50658
48 51019
49 51400
50 63511
51 82026
52 57283
53 51986
54 52220
55 52982
56 52615
57 52748
58 72694
59 58930
60 55935
61 56253
62 56015
63 57248
64 57988
65 59608
66 60219
67 57323
68 57722
69 59044
70 58046
71 58394
72 58533
73 61819
74 59384
75 61036
76 59358
77 59792
78 59882
79 60448
80 60324
81 65777
82 61262
83 61080
84 61412
85 63193
86 63658
87 73476
88 62690
89 63426
90 62856
91 63283
92 63542
93 63530
94 63963
95 63812
96 69685
97 64820
98 64632
99 67109
100 65880
101 119879
102 66829
103 86252
104 94576
105 92901
106 88171
107 86270
108 89130
109 89009
110 85007
111 88216
112 84701
113 85009
114 85192
115 85273
116 84798
117 85006
118 89188
119 86186
120 85883
121 87456
122 89452
123 95809
124 92056
125 87346
126 91576
127 88574
128 96829
129 92216
130 98135
131 93653
132 90126
133 90279
134 91299
135 90320
136 91991
137 125074
138 132196
139 128313
140 126623
141 126512
142 96255
143 101172
144 93403
145 95256
146 94673
147 93198
148 94394
149 94467
150 94984
151 88743
152 87797
153 97515
154 95011
155 91976
156 91972
157 92514
158 89847
159 78473
160 90268
161 91839
162 84123
163 81753
164 79660
165 81040
166 81381
167 88754
168 85641
169 82310
170 81410
171 82383
172 81931
173 82762
174 90831
175 82711
176 82177
177 82103
178 82408
179 82824
180 85891
181 83890
182 84856
183 83735
184 83365
185 86633
186 83135
187 83737
188 85639
189 87455
190 84433
191 87863
192 83925
193 84707
194 85007
195 84909
196 93572
197 85485
198 84783
199 85195
200 85884
201 88915
202 88821
203 89334
204 85655
205 85844
206 89445
207 112104
208 86292
209 86831
210 86558
211 89002
212 86680
213 86558
214 87320
215 87245
216 91318
217 87548
218 86966
219 87894
220 86797
221 92515
222 87066
223 88388
224 87832
225 94720
226 88597
227 88495
228 88560
229 88429
230 92987
231 88522
232 93029
233 89860
234 92887
235 89348
236 89787
237 89522
238 89530
239 97485
240 90664
241 90750
242 90840
243 95124
244 98826
245 97993
246 91518
247 93780
248 91531
249 90241
250 91476
251 94399
252 91536
253 92400
254 105669
255 691695
256 111424
257 106252
258 92473
259 97479
260 92085
261 92732
262 92669
263 96378
264 93184
265 92377
266 93848
267 97083
268 93764
269 92607
270 93628
271 96753
272 97444
273 94213
274 94902
275 95881
276 137656
277 126115
278 130510
279 134286
280 127584
281 169849
282 64143
283 64027
284 62815
285 62524
286 68526
287 63487
288 63112
289 63378
290 62431
291 61740
292 57747
293 67074
294 59125
295 59494
296 64778
297 59947
298 59517
299 60973
300 59098
301 53890
302 55473
303 59009
304 60133
305 64187
306 65685
307 60594
308 61937
309 58171
310 58186
311 57482
312 57940
313 57181
314 57521
315 61024
316 57379
317 56816
318 59312
319 60100
320 57570
321 58586
322 85382
323 61332
324 79710
325 60496
326 58311
327 58750
328 58599
329 68796
330 58679
331 58810
332 58313
333 58447
334 58650
335 57707
336 59074
337 56501
338 58637
339 57826
340 58685
341 58523
342 58748
343 92668
344 70857
345 66371
346 68968
347 69073
348 68550
349 69217
350 69157
351 72227
352 62285
353 66178
354 64450
355 64719
356 61937
357 62540
358 72442
359 63699
360 61871
361 61693
362 66859
363 64247
364 65926
365 65722
366 66720
367 69250
368 64639
369 60841
370 76685
371 65703
372 66534
373 66431
374 68441
375 83731
376 66839
377 65972
378 67232
379 67475
380 77388
381 66880
382 67318
383 83810
384 66349
385 65095
386 66786
387 75398
388 63702
389 64342
390 67181
391 82250
392 75247
393 75773
394 76021
395 68093
396 64374
397 63948
398 61780
399 65199
400 66001
401 66099
402 66563
403 65477
404 63181
405 61924
406 63781
407 62526
408 62940
409 69592
410 68626
411 64962
412 63834
413 63249
414 64520
415 63076
416 67734
417 66174
418 65798
419 65384
420 64978
421 64832
422 64807
423 66571
424 63823
425 68080
426 63169
427 62555
428 62458
429 61749
430 66673
431 61206
432 62569
433 65292
434 68220
435 65891
436 64780
437 62908
438 65510
439 64410
440 64029
441 63139
442 63726
443 76883
444 62551
445 65233
446 61387
447 65975
448 64341
449 65424
450 65660
451 63117
452 70891
453 62591
454 64227
455 63562
456 65492
457 65541
458 66656
459 54454
460 40043
461 42043
462 39956
463 39469
464 39273
465 39130
466 44692
467 39886
468 39678
469 39542
470 39300
471 39384
472 65971
473 36942
474 36636
475 43320
476 36093
477 36033
478 35856
479 35825
480 35818
481 39012
482 35757
483 35896
484 36027
485 36069
486 35841
487 38728
488 41689
489 36123
490 36016
491 35828
492 35978
493 36128
494 35936
495 39265
496 36443
497 35761
498 36190
499 35993
500 36043
501 36042
502 35942
503 36827
504 36321
505 36284
506 36497
507 36102
508 36209
509 36421
510 37622
511 37016
512 36619
513 39961
514 36354
515 36369
516 36277
517 39329
518 36275
519 36372
520 36131
521 36374
522 54565
523 37208
524 40308
525 36669
526 36441
527 36603
528 36350
529 36266
530 36022
531 39428
532 36186
533 36534
534 36243
535 36386
536 36250
537 36220
538 36134
539 37184
540 36273
541 36105
542 36673
543 36257
544 36565
545 36546
546 37338
547 36670
548 36446
549 36419
550 36362
551 38054
552 36497
553 39878
554 36681
555 36637
556 36703
557 36450
558 36284
559 36565
560 39606
561 36674
562 36632
563 36271
564 36412
565 36377
566 36665
567 39441
568 36699
569 36457
570 36424
571 36523
572 36545
573 36531
574 43423
575 37704
576 36931
577 36479
578 36847
579 36673
580 36351
581 36541
582 41733
583 36756
584 36601
585 36818
586 36793
587 38039
588 37158
589 40329
590 36963
591 37004
592 37073
593 37125
594 36767
595 36869
596 40034
597 37068
598 36856
599 36868
600 36830
601 36649
602 36627
603 39600
604 37055
605 36943
606 36933
607 37035
608 36800
609 36833
610 36896
611 37968
612 37240
613 36840
614 36863
615 37122
616 37010
617 37016
618 40495
619 37356
620 37240
621 36980
622 37017
623 36914
624 37148
625 40601
626 37443
627 37396
628 37127
629 37167
630 37265
631 37228
632 40488
633 37181
634 36893
635 36972
636 36969
637 37480
638 37706
639 40111
640 37496
641 37162
642 36731
643 36871
644 37071
645 36840
646 36940
647 37806
648 37181
649 40734
650 37093
651 36860
652 36944
653 36922
654 40640
655 37119
656 37119
657 37080
658 37724
659 36973
660 37190
661 52479
662 38009
663 37339
664 37298
665 37226
666 37148
667 37462
668 40058
669 37259
670 37199
671 37214
672 37130
673 36969
674 37228
675 37266
676 37769
677 37485
678 37249
679 37228
680 37404
681 37108
682 37443
683 44186
684 37412
685 36999
686 37234
687 37330
688 37290
689 37323
690 41049
691 37529
692 37188
693 37407
694 37472
695 37421
696 37448
697 40836
698 37359
699 37720
700 37603
701 37399
702 37523
703 37442
704 40845
705 37860
706 37451
707 37662
708 37310
709 38569
710 37784
711 37509
712 38476
713 37614
714 40933
715 38199
716 38109
717 37829
718 37638
719 41022
720 38228
721 37733
722 37796
723 37729
724 37857
725 37912
726 41308
727 37904
728 37794
729 38048
730 38006
731 37857
732 37893
733 41053
734 38152
735 37600
736 37995
737 38289
738 38010
739 37795
740 40532
741 38378
742 38343
743 37995
744 38063
745 38059
746 38052
747 42780
748 39615
749 38313
750 37926
751 38026
752 37935
753 38223
754 37984
755 41482
756 38506
757 38361
758 38117
759 38497
760 38086
761 37979
762 41690
763 38472
764 38173
765 39134
766 38969
767 38920
768 38250
769 41563
770 38719
771 38253
772 38245
773 38097
774 38186
775 38511
776 38241
777 39240
778 38376
779 38426
780 44638
781 38987
782 38623
783 38597
784 39831
785 38916
786 38502
787 38626
788 38396
789 38434
790 38575
791 42176
792 39260
793 121315
794 40335
795 38717
796 38761
797 38872
798 43880
799 39173
800 39142
801 38808
802 39216
803 38949
804 38801
805 42095
806 39255
807 38685
808 38872
809 38884
810 38932
811 38899
812 38981
813 39462
814 39052
815 38923
816 38944
817 38914
818 38748
819 38946
820 42587
821 38879
822 39083
823 39003
824 39236
825 43094
826 39531
827 42570
828 39735
829 43079
830 39708
831 39300
832 39413
833 39683
834 42731
835 39787
836 39528
837 39331
838 39356
839 39329
840 39267
841 42768
842 50992
843 40288
844 39420
845 39316
846 39152
847 39488
848 39364
849 40313
850 39473
851 39277
852 39280
853 39026
854 39194
855 39247
856 40621
857 39267
858 39354
859 39278
860 39379
861 39092
862 39173
863 42682
864 39612
865 39316
866 39495
867 39433
868 39650
869 39473
870 42727
871 39565
872 39249
873 39182
874 39302
875 39382
876 39561
877 44248
878 39796
879 39490
880 39721
881 39433
882 39612
883 39854
884 39573
885 40820
886 39847
887 39686
888 39673
889 39578
890 39187
891 39884
892 43247
893 40802
894 40670
895 40315
896 39560
897 39755
898 39667
899 45375
900 39905
901 39847
902 39634
903 39564
904 39832
905 40068
906 43470
907 40091
908 39938
909 40128
910 39878
911 41439
912 40204
913 43262
914 40257
915 40164
916 40147
917 39784
918 39833
919 39944
920 40120
921 42564
922 40964
923 40761
924 40687
925 40590
926 40682
927 40504
928 44335
929 40741
930 40722
931 40681
932 40341
933 40612
934 40402
935 43968
936 41230
937 42019
938 42046
939 40802
940 40914
941 41007
942 44274
943 40893
944 40932
945 41170
946 40844
947 40802
948 40490
949 43788
950 41220
951 41047
952 41379
953 41097
954 41548
955 41027
956 41158
957 43074
958 45037
959 42650
960 43431
961 41792
962 40920
963 42370
964 45833
965 41239
966 41222
967 41259
968 42121
969 40894
970 41456
971 45784
972 41621
973 45797
974 41181
975 41740
976 41632
977 41046
978 48344
979 41470
980 41456
981 41408
982 41461
983 41563
984 41288
985 41114
986 41824
987 41877
988 41042
989 43495
990 44825
991 44163
992 43292
993 49390
994 69132
995 72474
996 72176
997 71136
998 72139
999 69071
