1000 55148
999 38068
998 37027
997 36975
996 37298
995 36962
994 40615
993 36671
992 37450
991 36741
990 36834
989 36875
988 37811
987 39577
986 37383
985 37146
984 38617
983 37403
982 37243
981 37266
980 38219
979 41966
978 37953
977 38015
976 38097
975 36482
974 37412
973 36791
972 42326
971 37334
970 36944
969 36940
968 37601
967 37634
966 37917
965 37159
964 37598
963 36940
962 36887
961 36651
960 37591
959 36649
958 36647
957 40145
956 37711
955 36654
954 36805
953 36506
952 37611
951 36602
950 39513
949 37141
948 37168
947 36860
946 36811
945 36714
944 37748
943 36621
942 48828
941 37791
940 37828
939 36835
938 36791
937 36794
936 37348
935 39912
934 36743
933 36910
932 36971
931 36734
930 36632
929 36571
928 37509
927 37339
926 36760
925 36463
924 37687
923 36879
922 36429
921 36592
920 42234
919 36663
918 36855
917 36634
916 37022
915 36694
914 36709
913 36964
912 38177
911 36623
910 37004
909 36716
908 37436
907 36835
906 36481
905 39413
904 37261
903 36213
902 36226
901 36101
900 45733
899 37718
898 39872
897 35790
896 37020
895 36049
894 36078
893 36317
892 37257
891 36443
890 39240
889 36259
888 37067
887 36623
886 36369
885 36168
884 36581
883 39582
882 36326
881 36286
880 37106
879 40838
878 36757
877 36353
876 37172
875 36860
874 36498
873 36244
872 37137
871 36220
870 36193
869 36742
868 39156
867 36242
866 36162
865 36395
864 37093
863 36250
862 36275
861 36213
860 50937
859 37461
858 36424
857 36237
856 37169
855 36468
854 37937
853 40187
852 37879
851 37465
850 37121
849 37088
848 37389
847 36436
846 39552
845 36623
844 37208
843 36399
842 36244
841 36694
840 37028
839 36379
838 41279
837 36507
836 37081
835 36612
834 36317
833 36490
832 37345
831 39053
830 36329
829 36304
828 37077
827 36442
826 36388
825 36238
824 37064
823 36736
822 36437
821 36255
820 36883
819 36643
818 36270
817 38773
816 39850
815 36454
814 36377
813 36395
812 37084
811 36375
810 36335
809 39426
808 37177
807 36374
806 36404
805 42026
804 36716
803 36600
802 36357
801 39107
800 37044
799 36492
798 36643
797 36244
796 37009
795 36809
794 39311
793 36512
792 37010
791 36477
790 36343
789 36328
788 36556
787 36327
786 36913
785 36047
784 37118
783 36215
782 36490
781 36623
780 36667
779 39382
778 36433
777 36075
776 36603
775 36141
774 36339
773 36432
772 39617
771 36386
770 36117
769 36355
768 37413
767 40799
766 36884
765 36311
764 40160
763 36556
762 36563
761 36472
760 36915
759 36373
758 36322
757 39202
756 36608
755 36322
754 36393
753 36276
752 37478
751 36204
750 36541
749 37290
748 37298
747 36624
746 36443
745 36441
744 37033
743 36223
742 39222
741 36572
740 36549
739 36351
738 36359
737 36408
736 37237
735 36220
734 36979
733 36397
732 37216
731 36542
730 36563
729 36465
728 36922
727 39062
726 36486
725 36413
724 37454
723 37174
722 36838
721 36612
720 39854
719 36636
718 36783
717 36229
716 37210
715 36304
714 36620
713 36461
712 39949
711 36332
710 36276
709 36497
708 36754
707 36210
706 36184
705 39013
704 67685
703 54708
702 54832
701 56364
700 56892
699 58345
698 54429
697 56082
696 57527
695 55755
694 49651
693 37143
692 36912
691 36646
690 42934
689 36900
688 37244
687 36389
686 36499
685 42665
684 37578
683 36652
682 37262
681 36731
680 37164
679 36559
678 36754
677 36807
676 36875
675 39580
674 36708
673 36574
672 37429
671 55690
670 38000
669 37448
668 41060
667 37190
666 37110
665 36918
664 37775
663 36829
662 36993
661 36825
660 40221
659 36946
658 36796
657 37142
656 37569
655 36766
654 36891
653 39542
652 37498
651 37018
650 37104
649 36883
648 37770
647 36532
646 36722
645 37359
644 37096
643 36874
642 36574
641 36353
640 38119
639 36437
638 39760
637 36711
636 37388
635 36642
634 36716
633 36448
632 37693
631 40809
630 36925
629 36878
628 37022
627 36826
626 36880
625 36545
624 37616
623 39880
622 37187
621 36869
620 37696
619 36736
618 36967
617 36707
616 40512
615 36829
614 36834
613 36658
612 36914
611 36591
610 36691
609 36514
608 38506
607 36854
606 36800
605 36634
604 37695
603 36665
602 36996
601 39487
600 74859
599 3863469
598 81343
597 41502
596 30491
595 29828
594 29793
593 29708
592 30440
591 29259
590 29337
589 29330
588 29793
587 29409
586 32368
585 29359
584 29881
583 29259
582 29258
581 29456
580 29582
579 31571
578 29452
577 29168
576 30315
575 29052
574 29284
573 28957
572 29952
571 31841
570 29469
569 29157
568 29871
567 29313
566 29328
565 29250
564 32196
563 29109
562 29168
561 28888
560 30051
559 29270
558 29512
557 29140
556 30225
555 29197
554 29163
553 29298
552 29791
551 29525
550 29263
549 31815
548 29563
547 29204
546 29146
545 28775
544 29724
543 28874
542 28982
541 29365
540 29875
539 29361
538 29259
537 29051
536 29878
535 29284
534 31969
533 29237
532 29377
531 29252
530 29254
529 29112
528 29574
527 33478
526 29263
525 28986
524 29709
523 29222
522 29226
521 29113
520 29674
519 31832
518 29096
517 29146
516 29401
515 28924
514 29142
513 28643
512 32585
511 28809
510 28678
509 28740
508 29945
507 28589
506 28982
505 28709
504 30493
503 28780
502 28973
501 28823
500 29077
499 28870
498 28855
497 31112
496 30079
495 28714
494 28871
493 28755
492 29533
491 28895
490 31262
489 33935
488 29789
487 28767
486 28973
485 28853
484 28858
483 28895
482 31605
481 28841
480 30022
479 28854
478 28958
477 28841
476 29720
475 31676
474 29159
473 29167
472 29877
471 28710
470 29063
469 28997
468 29172
467 41286
466 42605
465 29334
464 29988
463 28850
462 29101
461 29472
460 32946
459 29580
458 29959
457 30178
456 30502
455 30693
454 29657
453 44874
452 39377
451 36169
450 36733
449 35722
448 36637
447 35021
446 35550
445 38718
444 38398
443 36056
442 35828
441 35663
440 36634
439 36042
438 39480
437 35874
436 36419
435 36875
434 36930
433 36080
432 37594
431 35431
430 44368
429 36189
428 36298
427 35569
426 35923
425 35312
424 36535
423 39154
422 35980
421 35493
420 35957
419 35533
418 35517
417 35419
416 37053
415 36173
414 36013
413 35614
412 36391
411 85297
410 50525
409 43992
408 48368
407 40909
406 36190
405 35980
404 36762
403 35590
402 35828
401 35978
400 37363
399 35491
398 35801
397 35552
396 74240
395 50977
394 57050
393 48389
392 53985
391 45268
390 50554
389 51602
388 50213
387 46376
386 55532
385 35144
384 47909
383 45524
382 45274
381 45370
380 46316
379 45771
378 49367
377 85408
376 47182
375 45581
374 45704
373 45269
372 45751
371 50179
370 45927
369 45191
368 46802
367 45244
366 45526
365 45270
364 46540
363 46157
362 45634
361 45311
360 46470
359 45597
358 45859
357 45467
356 49915
355 45566
354 45689
353 50472
352 46628
351 118337
350 66834
349 51989
348 48272
347 46456
346 47339
345 46805
344 48322
343 46813
342 46951
341 53742
340 47779
339 46325
338 46510
337 46986
336 47776
335 46581
334 51076
333 46147
332 57840
331 40565
330 47755
329 40405
328 40656
327 39539
326 40998
325 39659
324 41403
323 41062
322 40622
321 39775
320 40654
319 43338
318 39956
317 39550
316 40727
315 39347
314 39614
313 39442
312 40331
311 41376
310 39676
309 39694
308 40071
307 39201
306 39455
305 39488
304 43899
303 39719
302 39762
301 39504
300 40330
299 39351
298 39701
297 42709
296 41930
295 39940
294 39978
293 50407
292 41452
291 39775
290 39643
289 44450
288 41028
287 39457
286 39692
285 39828
284 40767
283 39720
282 43289
281 39881
280 40300
279 39804
278 39830
277 45511
276 63598
275 50602
274 40914
273 39229
272 40150
271 39269
270 39284
269 39229
268 39951
267 42899
266 39349
265 38990
264 39709
263 38913
262 39145
261 39305
260 42668
259 39437
258 39406
257 38866
256 39785
255 38724
254 39876
253 39021
252 44924
251 47263
250 39072
249 39060
248 39830
247 38531
246 39050
245 42196
244 39103
243 39118
242 39205
241 38753
240 39889
239 38881
238 39065
237 39978
236 39682
235 39018
234 39023
233 38715
232 39481
231 38611
230 42184
229 39111
228 39169
227 39025
226 38923
225 38671
224 39892
223 38711
222 39980
221 39029
220 39568
219 39012
218 39054
217 38807
216 39697
215 42289
214 39404
213 38730
212 39220
211 38562
210 38981
209 38859
208 42263
207 38912
206 39059
205 38808
204 39361
203 38954
202 38856
201 38351
200 42400
199 38887
198 38732
197 38773
196 40018
195 39495
194 39546
193 42079
192 39831
191 38493
190 45510
189 44430
188 43855
187 43114
186 43336
185 44761
184 44316
183 43102
182 43512
181 48628
180 43724
179 43107
178 47962
177 43570
176 44170
175 43192
174 43426
173 43120
172 61767
171 55196
170 34113
169 33525
168 34132
167 33354
166 33594
165 33467
164 33744
163 36249
162 33692
161 33346
160 34363
159 33446
158 33512
157 33104
156 37262
155 33556
154 33623
153 33159
152 34073
151 33569
150 33590
149 33600
148 34582
147 33489
146 33370
145 33401
144 33853
143 33077
142 33273
141 36012
140 33991
139 33660
138 33533
137 32882
136 33716
135 33151
134 33374
133 33937
132 33538
131 33914
130 33334
129 33088
128 33434
127 32708
126 36359
125 32746
124 33709
123 33055
122 33316
121 33042
120 33592
119 36160
118 33204
117 32957
116 33338
115 32732
114 32892
113 32727
112 33753
111 35816
110 33236
109 33437
108 33749
107 33121
106 33172
105 32909
104 36482
103 33131
102 33139
101 33028
100 33587
99 33202
98 33031
97 32769
96 34449
95 32845
94 33301
93 32889
92 33345
91 33111
90 33169
89 36873
88 33926
87 32949
86 33166
85 32918
84 33116
83 32845
82 35723
81 33064
80 33436
79 32758
78 33023
77 33004
76 33855
75 33046
74 40611
73 33887
72 33293
71 32698
70 33129
69 32822
68 34021
67 38512
66 33726
65 33130
64 32946
63 32262
62 32578
61 32284
60 33204
59 33508
58 32713
57 32724
56 33082
55 32671
54 32734
53 32572
52 35822
51 32125
50 31901
49 32151
48 33660
47 32166
46 32381
45 32346
44 33618
43 32320
42 32089
41 32129
40 32363
39 32134
38 32359
37 35005
36 35280
35 32468
34 32268
33 32162
32 32421
31 31504
30 36239
29 32931
28 32849
27 40858
26 32340
25 31890
24 32308
23 32039
22 37509
21 32400
20 32663
19 31728
18 31872
17 31952
16 31925
15 34116
14 31618
13 31300
12 31614
11 31234
10 31754
9 31153
8 31162
7 33736
6 31118
5 30781
4 30123
3 29847
2 31571
