1 1039687
2 68250
3 70210
4 67263
5 59040
6 57822
7 57731
8 57385
9 58606
10 59123
11 58919
12 59207
13 58830
14 59869
15 61180
16 59666
17 59321
18 61179
19 60172
20 74680
21 61201
22 61107
23 61522
24 61520
25 61677
26 65447
27 63261
28 61797
29 62602
30 62573
31 63578
32 63444
33 68187
34 83223
35 75606
36 65070
37 65057
38 65141
39 65100
40 98066
41 65667
42 66981
43 66048
44 67256
45 66533
46 67040
47 67811
48 66746
49 67751
50 67453
51 68147
52 69527
53 68654
54 68394
55 72471
56 69625
57 68478
58 70742
59 70345
60 70299
61 70908
62 73155
63 70961
64 72042
65 71593
66 71836
67 71433
68 72145
69 83131
70 73051
71 72847
72 72431
73 72880
74 72672
75 73984
76 86744
77 73621
78 74670
79 74040
80 74645
81 89858
82 82884
83 76178
84 76065
85 77150
86 77538
87 78866
88 78252
89 78421
90 78361
91 83212
92 78883
93 80440
94 78239
95 79787
96 80245
97 80415
98 83752
99 80989
100 81130
101 80843
102 81589
103 82531
104 81844
105 85519
106 82825
107 82500
108 82525
109 82578
110 83247
111 83952
112 91262
113 83934
114 85509
115 86561
116 106875
117 90245
118 104626
119 115551
120 109448
121 109800
122 109778
123 110526
124 110747
125 111343
126 112550
127 112329
128 126626
129 106019
130 113863
131 113120
132 114727
133 112787
134 110518
135 108482
136 115616
137 116009
138 110929
139 122337
140 100615
141 93506
142 175500
143 116943
144 129019
145 121455
146 115270
147 124242
148 116947
149 125317
150 124467
151 126649
152 123926
153 122920
154 131988
155 125074
156 125267
157 126563
158 123746
159 129109
160 127824
161 131760
162 131487
163 128234
164 132003
165 128832
166 135788
167 130470
168 138139
169 132050
170 130372
171 144923
172 142402
173 138170
174 144659
175 137459
176 140320
177 140544
178 141754
179 138578
180 140158
181 136584
182 130208
183 126015
184 120714
185 121290
186 125209
187 125016
188 129872
189 134320
190 126787
191 126696
192 140129
193 137701
194 136105
195 131003
196 140043
197 127504
198 129893
199 133732
200 139165
201 133173
202 133506
203 134219
204 137067
205 122152
206 126600
207 127698
208 125033
209 132930
210 129171
211 132539
212 130942
213 133005
214 138391
215 127557
216 135276
217 140778
218 128823
219 132072
220 130457
221 134102
222 129421
223 139290
224 135206
225 131081
226 130203
227 150211
228 138008
229 137754
230 134585
231 131261
232 142348
233 132076
234 131039
235 135775
236 137993
237 144559
238 134542
239 137426
240 137324
241 149014
242 140435
243 137585
244 139157
245 138280
246 136477
247 137574
248 136996
249 157872
250 150020
251 156857
252 148376
253 159471
254 157935
255 141496
256 139773
257 137453
258 144715
259 142166
260 141740
261 145065
262 139937
263 142760
264 142432
265 150681
266 139258
267 143240
268 160484
269 149847
270 146007
271 144167
272 153031
273 149867
274 148518
275 142585
276 143021
277 150987
278 150598
279 111074
280 43488
281 41936
282 41261
283 41532
284 41131
285 41414
286 42929
287 41596
288 41615
289 41586
290 41361
291 41645
292 41526
293 42396
294 41621
295 41558
296 41569
297 41348
298 41552
299 41121
300 42272
301 41884
302 41645
303 41658
304 41303
305 41450
306 44473
307 41214
308 41425
309 41481
310 41339
311 41417
312 42214
313 44813
314 41899
315 41639
316 41924
317 41295
318 41747
319 41644
320 44663
321 41774
322 68244
323 61802
324 63564
325 67638
326 63606
327 72463
328 68201
329 69508
330 70804
331 70396
332 70753
333 70880
334 76429
335 71483
336 71786
337 70569
338 70190
339 71533
340 69238
341 91178
342 98655
343 72329
344 73308
345 71937
346 71365
347 72256
348 67369
349 61454
350 65339
351 67750
352 67216
353 64894
354 66793
355 68504
356 69084
357 67311
358 63462
359 63908
360 66531
361 68072
362 74116
363 65692
364 63517
365 63181
366 71203
367 67889
368 65341
369 66190
370 76610
371 67759
372 79551
373 67842
374 67279
375 66562
376 67378
377 69102
378 66456
379 69426
380 70532
381 65997
382 65773
383 65125
384 65352
385 64821
386 64484
387 65333
388 66443
389 73237
390 70724
391 68869
392 67442
393 66626
394 67947
395 64683
396 68440
397 64346
398 63172
399 66025
400 64228
401 67737
402 65533
403 69583
404 60362
405 66678
406 67378
407 68734
408 67624
409 66844
410 73067
411 62259
412 66955
413 66595
414 65033
415 65842
416 65101
417 65915
418 60657
419 62554
420 64171
421 64215
422 64787
423 63768
424 66442
425 65864
426 64087
427 62892
428 60874
429 60768
430 60938
431 64273
432 60831
433 62114
434 61503
435 65612
436 63757
437 62443
438 65882
439 61562
440 60865
441 79418
442 61430
443 76998
444 63476
445 68770
446 65468
447 63619
448 63334
449 64166
450 62663
451 62210
452 62155
453 60124
454 62003
455 60545
456 60574
457 60233
458 60282
459 62436
460 61908
461 59690
462 59059
463 61780
464 58916
465 58651
466 59222
467 59135
468 63431
469 65138
470 65613
471 63956
472 67464
473 63550
474 61459
475 70110
476 62825
477 60793
478 60464
479 67314
480 61795
481 61062
482 62272
483 60736
484 59189
485 61189
486 68048
487 61869
488 59477
489 58857
490 59167
491 58518
492 63004
493 67826
494 86535
495 69131
496 68140
497 69238
498 68706
499 67028
500 132321
501 77891
502 63804
503 65559
504 63320
505 65126
506 66881
507 68936
508 62409
509 62808
510 62673
511 61162
512 64301
513 66138
514 71611
515 95234
516 56985
517 57851
518 57625
519 55835
520 56049
521 65337
522 59003
523 58508
524 59194
525 61530
526 60746
527 61957
528 68246
529 1095425
530 77987
531 68551
532 60016
533 59551
534 57191
535 56683
536 56513
537 56315
538 54099
539 56623
540 54939
541 54385
542 55114
543 60308
544 58102
545 60019
546 58527
547 70585
548 57631
549 57792
550 57009
551 63017
552 60703
553 61071
554 61409
555 64350
556 45641
557 39094
558 38383
559 38607
560 38283
561 38172
562 41940
563 38868
564 38406
565 38396
566 38305
567 38455
568 38350
569 44076
570 38708
571 38203
572 38476
573 38418
574 38345
575 38199
576 41722
577 38987
578 38603
579 38320
580 38527
581 38433
582 38168
583 41658
584 38569
585 38426
586 38451
587 40317
588 38695
589 38498
590 41861
591 38719
592 38669
593 38695
594 38633
595 38365
596 38691
597 41860
598 38625
599 38611
600 38646
601 48031
602 39461
603 38863
604 42226
605 36226
606 39524
607 39122
608 39183
609 39273
610 39100
611 43033
612 39628
613 39387
614 39176
615 39162
616 39092
617 39263
618 45509
619 53887
620 56652
621 41512
622 39812
623 39442
624 39278
625 40522
626 39376
627 39081
628 40522
629 39477
630 39307
631 39251
632 40388
633 70807
634 39767
635 39318
636 39291
637 39281
638 39879
639 41061
640 40288
641 39929
642 39431
643 39200
644 39098
645 42053
646 39744
647 39533
648 39776
649 39759
650 39464
651 39444
652 42553
653 40140
654 39947
655 40091
656 40148
657 40012
658 40368
659 42968
660 40376
661 41580
662 40098
663 40191
664 39868
665 39689
666 45550
667 40271
668 40001
669 40559
670 58834
671 42240
672 41977
673 45341
674 42325
675 52582
676 42950
677 45412
678 42793
679 42419
680 57027
681 43690
682 42797
683 55925
684 51936
685 44933
686 46092
687 45660
688 43708
689 43226
690 43165
691 42994
692 42635
693 42596
694 47322
695 45561
696 45686
697 43142
698 44348
699 42128
700 42629
701 47515
702 43602
703 42265
704 43198
705 42992
706 49858
707 50099
708 52867
709 43425
710 43138
711 53770
712 42992
713 50059
714 48128
715 52802
716 43236
717 45308
718 53400
719 63449
720 67132
721 71798
722 60147
723 57784
724 56956
725 57789
726 57672
727 56723
728 63087
729 58029
730 56865
731 57062
732 57013
733 56212
734 57273
735 65062
736 55795
737 57114
738 57019
739 57629
740 56337
741 56604
742 60171
743 56663
744 61923
745 61689
746 56945
747 56617
748 56174
749 61255
750 56925
751 62068
752 60956
753 60494
754 60311
755 60184
756 76144
757 60350
758 60375
759 60446
760 48155
761 43980
762 44071
763 50604
764 43919
765 43574
766 44364
767 43801
768 51921
769 41250
770 44935
771 41986
772 41472
773 41428
774 41310
775 41351
776 41562
777 44604
778 41744
779 41817
780 50476
781 42210
782 41742
783 41667
784 45072
785 42124
786 41480
787 41837
788 41612
789 41574
790 41432
791 42906
792 41720
793 125039
794 45052
795 42162
796 41939
797 41753
798 43105
799 41988
800 41942
801 41800
802 42210
803 41937
804 41428
805 42936
806 42116
807 42072
808 41653
809 41648
810 41707
811 44648
812 42141
813 60403
814 44803
815 45591
816 42426
817 42263
818 45521
819 42666
820 41831
821 41862
822 42152
823 41937
824 41827
825 49924
826 43376
827 42128
828 42167
829 41930
830 41875
831 41756
832 48233
833 42647
834 42087
835 41900
836 41964
837 41776
838 42223
839 45755
840 42719
841 42245
842 42283
843 42008
844 42047
845 41953
846 45565
847 42400
848 41993
849 41947
850 41960
851 42301
852 42473
853 45664
854 42748
855 42134
856 42409
857 42066
858 42235
859 42192
860 47424
861 42715
862 42484
863 42110
864 42216
865 42545
866 42352
867 46024
868 42868
869 42808
870 42548
871 42314
872 42819
873 42832
874 43803
875 43085
876 42839
877 42287
878 43103
879 43092
880 42599
881 43856
882 43192
883 42883
884 43342
885 42514
886 42920
887 42735
888 43486
889 42942
890 45659
891 43758
892 42990
893 43306
894 67482
895 49708
896 44040
897 43205
898 42855
899 42892
900 42815
901 46447
902 43353
903 43323
904 42935
905 43249
906 42926
907 42921
908 46073
909 43437
910 43116
911 43147
912 42797
913 42697
914 42953
915 46910
916 43852
917 42904
918 43192
919 42926
920 42673
921 42819
922 46558
923 43705
924 43331
925 43172
926 42972
927 43225
928 43420
929 47238
930 44138
931 43575
932 43144
933 43608
934 43643
935 43360
936 46874
937 43951
938 43371
939 43100
940 43303
941 43227
942 43209
943 46378
944 43576
945 43304
946 43236
947 43362
948 43260
949 43365
950 46888
951 43599
952 43349
953 43411
954 43231
955 43325
956 43033
957 45049
958 50307
959 44333
960 43626
961 43515
962 43353
963 43548
964 44729
965 49093
966 44476
967 43748
968 43644
969 43759
970 43716
971 44866
972 44382
973 44095
974 43947
975 43854
976 43801
977 46881
978 44623
979 44041
980 43914
981 43841
982 43958
983 43845
984 47121
985 44463
986 43881
987 43592
988 43779
989 43737
990 43874
991 47244
992 44756
993 44021
994 44080
995 43767
996 44053
997 43925
998 47365
999 44661
