1000 2622
999 499
998 346
997 325
996 315
995 325
994 319
993 326
992 336
991 323
990 315
989 323
988 317
987 313
986 320
985 327
984 333
983 320
982 352
981 320
980 311
979 311
978 324
977 312
976 308
975 322
974 315
973 298
972 297
971 326
970 304
969 304
968 301
967 309
966 297
965 297
964 309
963 301
962 305
961 297
960 296
959 293
958 291
957 314
956 308
955 307
954 302
953 316
952 344
951 313
950 326
949 313
948 304
947 300
946 291
945 289
944 359
943 294
942 297
941 359
940 301
939 303
938 304
937 321
936 310
935 297
934 297
933 332
932 308
931 315
930 306
929 294
928 315
927 313
926 308
925 308
924 314
923 315
922 346
921 317
920 305
919 297
918 366
917 310
916 315
915 300
914 322
913 302
912 297
911 301
910 315
909 310
908 306
907 302
906 297
905 297
904 295
903 295
902 289
901 288
900 304
899 290
898 294
897 297
896 284
895 286
894 291
893 300
892 361
891 324
890 319
889 304
888 315
887 326
886 326
885 332
884 318
883 319
882 316
881 315
880 372
879 321
878 317
877 286
876 361
875 304
874 303
873 306
872 298
871 306
870 303
869 299
868 312
867 305
866 319
865 322
864 306
863 304
862 346
861 338
860 339
859 321
858 317
857 324
856 309
855 302
854 318
853 308
852 310
851 310
850 306
849 301
848 321
847 299
846 308
845 308
844 313
843 321
842 299
841 312
840 315
839 309
838 308
837 313
836 303
835 296
834 293
833 305
832 306
831 355
830 334
829 325
828 327
827 323
826 322
825 320
824 328
823 334
822 348
821 359
820 352
819 335
818 318
817 329
816 314
815 320
814 379
813 312
812 322
811 314
810 325
809 313
808 312
807 315
806 311
805 313
804 293
803 312
802 307
801 352
800 346
799 331
798 336
797 322
796 322
795 322
794 321
793 326
792 302
791 314
790 309
789 322
788 308
787 370
786 306
785 312
784 306
783 306
782 300
781 315
780 302
779 300
778 323
777 310
776 305
775 302
774 301
773 314
772 307
771 352
770 343
769 317
768 321
767 312
766 314
765 316
764 312
763 315
762 328
761 319
760 313
759 315
758 317
757 326
756 315
755 316
754 312
753 322
752 311
751 311
750 315
749 367
748 312
747 326
746 324
745 317
744 313
743 386
742 316
741 352
740 338
739 317
738 320
737 479
736 517
735 550
734 403
733 320
732 326
731 321
730 322
729 316
728 386
727 360
726 362
725 302
724 381
723 375
722 315
721 308
720 310
719 330
718 302
717 334
716 339
715 314
714 325
713 308
712 317
711 372
710 332
709 312
708 320
707 315
706 314
705 317
704 312
703 308
702 314
701 326
700 314
699 319
698 335
697 364
696 332
695 325
694 319
693 310
692 308
691 313
690 308
689 328
688 324
687 313
686 323
685 314
684 313
683 308
682 321
681 378
680 310
679 308
678 316
677 319
676 335
675 319
674 341
673 310
672 317
671 319
670 316
669 315
668 339
667 339
666 321
665 317
664 326
663 308
662 322
661 320
660 406
659 314
658 403
657 337
656 334
655 310
654 321
653 328
652 326
651 371
650 317
649 315
648 331
647 333
646 336
645 322
644 331
643 315
642 321
641 330
640 315
639 321
638 328
637 319
636 314
635 308
634 311
633 337
632 328
631 313
630 311
629 320
628 317
627 325
626 315
625 331
624 323
623 317
622 328
621 363
620 319
619 315
618 334
617 330
616 328
615 374
614 379
613 312
612 393
611 340
610 317
609 379
608 324
607 317
606 321
605 387
604 314
603 304
602 397
601 325
600 330
599 326
598 322
597 315
596 379
595 325
594 311
593 326
592 379
591 317
590 361
589 335
588 324
587 323
586 321
585 319
584 314
583 321
582 315
581 315
580 315
579 304
578 317
577 313
576 310
575 308
574 310
573 322
572 306
571 325
570 313
569 312
568 314
567 304
566 313
565 319
564 325
563 312
562 306
561 303
560 337
559 391
558 321
557 346
556 339
555 328
554 326
553 313
552 311
551 330
550 320
549 316
548 320
547 308
546 310
545 312
544 317
543 310
542 318
541 369
540 321
539 380
538 320
537 322
536 317
535 358
534 330
533 310
532 310
531 326
530 345
529 313
528 316
527 325
526 316
525 313
524 328
523 305
522 324
521 311
520 319
519 298
518 324
517 313
516 336
515 308
514 317
513 319
512 304
511 315
510 322
509 317
508 326
507 317
506 305
505 306
504 301
503 310
502 307
501 324
500 365
499 323
498 325
497 317
496 305
495 308
494 328
493 335
492 321
491 396
490 400
489 324
488 319
487 314
486 308
485 310
484 310
483 353
482 321
481 306
480 314
479 308
478 330
477 750
476 314
475 324
474 320
473 326
472 308
471 315
470 335
469 319
468 314
467 318
466 330
465 325
464 319
463 328
462 326
461 321
460 317
459 328
458 332
457 330
456 317
455 326
454 321
453 570
452 405
451 354
450 337
449 321
448 337
447 328
446 323
445 350
444 478
443 752
442 392
441 856
440 355
439 330
438 452
437 332
436 444
435 543
434 414
433 321
432 330
431 401
430 463
429 377
428 656
427 462
426 574
425 585
424 628
423 621
422 479
421 641
420 580
419 506
418 580
417 594
416 597
415 650
414 764
413 676
412 586
411 641
410 680
409 729
408 596
407 616
406 691
405 518
404 559
403 755
402 472
401 559
400 430
399 626
398 596
397 589
396 655
395 669
394 584
393 663
392 882
391 594
390 687
389 1410
388 638
387 955
386 645
385 588
384 603
383 673
382 1162
381 589
380 565
379 587
378 663
377 665
376 634
375 627
374 605
373 637
372 659
371 601
370 709
369 621
368 588
367 612
366 563
365 600
364 785
363 652
362 662
361 676
360 647
359 946
358 621
357 629
356 636
355 579
354 598
353 578
352 660
351 729
350 669
349 583
348 625
347 645
346 755
345 679
344 726
343 647
342 716
341 571
340 822
339 650
338 611
337 636
336 591
335 791
334 644
333 609
332 661
331 1327
330 665
329 591
328 614
327 534
326 521
325 474
324 386
323 386
322 374
321 399
320 430
319 410
318 382
317 398
316 396
315 404
314 394
313 395
312 368
311 378
310 366
309 370
308 377
307 394
306 385
305 367
304 388
303 407
302 372
301 386
300 409
299 407
298 390
297 384
296 395
295 414
294 399
293 397
292 372
291 397
290 437
289 387
288 384
287 379
286 379
285 383
284 384
283 308
282 323
281 375
280 383
279 450
278 308
277 381
276 317
275 398
274 541
273 401
272 377
271 378
270 321
269 375
268 373
267 389
266 401
265 401
264 377
263 378
262 374
261 374
260 423
259 397
258 393
257 388
256 386
255 383
254 388
253 379
252 392
251 375
250 379
249 383
248 381
247 389
246 394
245 392
244 357
243 375
242 376
241 383
240 501
239 376
238 394
237 383
236 386
235 442
234 396
233 384
232 377
231 388
230 412
229 393
228 376
227 379
226 375
225 381
224 459
223 383
222 379
221 377
220 386
219 373
218 385
217 397
216 394
215 389
214 381
213 380
212 365
211 388
210 385
209 405
208 404
207 382
206 478
205 439
204 430
203 434
202 392
201 328
200 390
199 416
198 383
197 407
196 404
195 344
194 408
193 421
192 1000
191 410
190 407
189 395
188 387
187 450
186 411
185 453
184 388
183 437
182 402
181 405
180 401
179 421
178 407
177 403
176 410
175 419
174 396
173 489
172 404
171 335
170 335
169 423
168 404
167 318
166 403
165 392
164 390
163 414
162 347
161 403
160 403
159 401
158 388
157 624
156 326
155 397
154 383
153 383
152 341
151 328
150 321
149 397
148 410
147 399
146 388
145 383
144 379
143 384
142 392
141 319
140 379
139 496
138 390
137 374
136 374
135 371
134 317
133 386
132 392
131 315
130 370
129 368
128 322
127 397
126 392
125 399
124 390
123 388
122 439
121 316
120 383
119 503
118 401
117 399
116 397
115 390
114 384
113 396
112 382
111 315
110 388
109 417
108 408
107 399
106 328
105 390
104 390
103 387
102 384
101 312
100 390
99 501
98 418
97 421
96 383
95 392
94 374
93 497
92 595
91 403
90 375
89 375
88 366
87 878
86 373
85 368
84 390
83 393
82 401
81 388
80 372
79 432
78 381
77 397
76 386
75 352
74 503
73 422
72 379
71 397
70 392
69 389
68 401
67 395
66 569
65 583
64 568
63 570
62 516
61 512
60 552
59 804
58 543
57 542
56 569
55 578
54 521
53 548
52 545
51 585
50 833
49 641
48 572
47 554
46 576
45 704
44 609
43 533
42 588
41 598
40 506
39 574
38 598
37 577
36 602
35 614
34 601
33 617
32 602
31 568
30 563
29 793
28 554
27 543
26 525
25 558
24 566
23 563
22 586
21 560
20 534
19 576
18 534
17 538
16 620
15 611
14 574
13 605
12 554
11 559
10 513
9 665
8 604
7 569
6 665
5 558
4 536
3 549
2 608
